<?xml version="1.0" encoding="UTF-8"?>
<!-- Generated by org.testng.reporters.JUnitXMLReporter -->
<testsuite hostname="Qsp_Mum_faculty2" ignored="0" name="Test" tests="2" failures="1" timestamp="05 May 2018 13:32:30 GMT" time="11.315" errors="0">
  <testcase name="invalidLogin" time="1.22" classname="script.TestScript">
    <failure type="java.lang.AssertionError" message="null">
      <![CDATA[java.lang.AssertionError: null
at script.TestScript.invalidLogin(TestScript.java:36)
... Removed 27 stack frames]]>
    </failure>
  </testcase> <!-- invalidLogin -->
  <testcase name="validLogin" time="2.324" classname="script.TestScript"/>
</testsuite> <!-- Test -->
